Arguments: 
  D:\NodeJS\node.exe C:\Program Files (x86)\Yarn\bin\yarn.js add Pillow

PATH: 
  C:\Python39\Scripts\;C:\Python39\;C:\Program Files (x86)\Common Files\Intel\Shared Libraries\redist\intel64\compiler;C:\Program Files (x86)\Common Files\Oracle\Java\javapath;C:\Program Files (x86)\Common Files\ArcSoft\Bin;C:\WINDOWS\system32;C:\WINDOWS;C:\WINDOWS\System32\Wbem;C:\WINDOWS\System32\WindowsPowerShell\v1.0\;C:\WINDOWS\System32\OpenSSH\;D:\JDK\bin;C:\Program Files (x86)\NVIDIA Corporation\PhysX\Common;C:\Program Files\Java\jdk1.8.0_261\bin;C:\Program Files\NVIDIA Corporation\NVIDIA NvDLISR;D:\Android Studio\bin;D:\Android\tools;D:\Android\platform-tools;C:\Program Files (x86)\Yarn\bin\;C:\WINDOWS\system32;C:\WINDOWS;C:\WINDOWS\System32\Wbem;C:\WINDOWS\System32\WindowsPowerShell\v1.0\;C:\WINDOWS\System32\OpenSSH\;C:\ProgramData\chocolatey\bin;D:\Git\cmd;D:\NodeJS\;C:\Users\User\.poetry\bin;D:\Anaconda;D:\Anaconda\Library\mingw-w64\bin;D:\Anaconda\Library\usr\bin;D:\Anaconda\Library\bin;D:\Anaconda\Scripts;D:\JDK\bin;D:\Microsoft VS Code\bin;C:\Users\User\AppData\Local\atom\bin;C:\Users\User\.android;C:\Users\User\.android\avd;C:\Users\User\AppData\Local\Yarn\bin;C:\Users\User\AppData\Local\Microsoft\WindowsApps;C:\Users\User\AppData\Roaming\npm;C:\src\flutter\bin;

Yarn version: 
  1.22.5

Node version: 
  15.14.0

Platform: 
  win32 x64

Trace: 
  Error: https://registry.yarnpkg.com/Pillow: Not found
      at Request.params.callback [as _callback] (C:\Program Files (x86)\Yarn\lib\cli.js:66097:18)
      at Request.self.callback (C:\Program Files (x86)\Yarn\lib\cli.js:140749:22)
      at Request.emit (node:events:369:20)
      at Request.<anonymous> (C:\Program Files (x86)\Yarn\lib\cli.js:141721:10)
      at Request.emit (node:events:369:20)
      at IncomingMessage.<anonymous> (C:\Program Files (x86)\Yarn\lib\cli.js:141643:12)
      at Object.onceWrapper (node:events:475:28)
      at IncomingMessage.emit (node:events:381:22)
      at endReadableNT (node:internal/streams/readable:1307:12)
      at processTicksAndRejections (node:internal/process/task_queues:81:21)

npm manifest: 
  {
    "dependencies": {
      "@fortawesome/fontawesome-free": "^5.15.3"
    }
  }

yarn manifest: 
  No manifest

Lockfile: 
  No lockfile
